<?xml version="1.0" encoding="UTF-8"?>
<testsuite xmlns:xsi="http://www.w3.org/2001/XMLSchema-instance" xsi:noNamespaceSchemaLocation="https://maven.apache.org/surefire/maven-surefire-plugin/xsd/surefire-test-report-3.0.xsd" version="3.0" name="net.redpandasec.labs.LabsApplicationTests" time="1.245" tests="1" errors="0" skipped="0" failures="0">
  <properties>
[...]
</properties>
  <testcase name="contextLoads" classname="net.redpandasec.labs.LabsApplicationTests" time="0.442">
    <system-out><![CDATA[11:28:39.312 [main] INFO org.springframework.test.context.support.AnnotationConfigContextLoaderUtils -- Could not detect default configuration classes for test class [net.redpandasec.labs.LabsApplicationTests]: LabsApplicationTests does not declare any static, non-private, non-final, nested classes annotated with @Configuration.
11:28:39.359 [main] INFO org.springframework.boot.test.context.SpringBootTestContextBootstrapper -- Found @SpringBootConfiguration net.redpandasec.labs.LabsApplication for test class net.redpandasec.labs.LabsApplicationTests
11:28:39.431 [main] INFO org.springframework.boot.devtools.restart.RestartApplicationListener -- Restart disabled due to context in which it is running

  .   ____          _            __ _ _
 /\\ / ___'_ __ _ _(_)_ __  __ _ \ \ \ \
( ( )\___ | '_ | '_| | '_ \/ _` | \ \ \ \
 \\/  ___)| |_)| | | | | || (_| |  ) ) ) )
  '  |____| .__|_| |_|_| |_\__, | / / / /
 =========|_|==============|___/=/_/_/_/
 :: Spring Boot ::                (v3.2.4)

2024-03-29T11:28:39.541-03:00  INFO 11035 --- [labs] [           main] n.redpandasec.labs.LabsApplicationTests  : Starting LabsApplicationTests using Java 17.0.9 with PID 11035 (started by vini in /Users/vini/Desktop/RedPanda/labs)
2024-03-29T11:28:39.542-03:00  INFO 11035 --- [labs] [           main] n.redpandasec.labs.LabsApplicationTests  : No active profile set, falling back to 1 default profile: "default"
2024-03-29T11:28:39.898-03:00  INFO 11035 --- [labs] [           main] o.s.b.a.w.s.WelcomePageHandlerMapping    : Adding welcome page template: index
2024-03-29T11:28:40.013-03:00  INFO 11035 --- [labs] [           main] n.redpandasec.labs.LabsApplicationTests  : Started LabsApplicationTests in 0.588 seconds (process running for 1.048)
]]></system-out>
  </testcase>
</testsuite>